g:\project\threadpool\threadpool\debug\vc141.pdb
g:\project\threadpool\threadpool\debug\vc141.idb
g:\project\threadpool\threadpool\debug\threadpool.obj
g:\project\threadpool\threadpool\debug\testtask.obj
g:\project\threadpool\threadpool\debug\taskqueue.obj
g:\project\threadpool\threadpool\debug\task.obj
g:\project\threadpool\threadpool\debug\threadsworker.obj
g:\project\threadpool\threadpool\debug\poolcondition.obj
g:\project\threadpool\threadpool\debug\dependenttask.obj
g:\project\threadpool\threadpool\debug\threadpool.pch
g:\project\threadpool\threadpool\debug\stdafx.obj
g:\project\threadpool\threadpool\debug\threadpool.pdb
g:\project\threadpool\threadpool\debug\threadpool.idb
g:\project\threadpool\debug\threadpool.lib
g:\project\threadpool\threadpool\debug\threadpool.obj.enc
g:\project\threadpool\threadpool\debug\threadsworker.obj.enc
g:\project\threadpool\debug\threadpool.pdb
g:\project\threadpool\threadpool\debug\threadpool.tlog\cl.command.1.tlog
g:\project\threadpool\threadpool\debug\threadpool.tlog\cl.read.1.tlog
g:\project\threadpool\threadpool\debug\threadpool.tlog\cl.write.1.tlog
g:\project\threadpool\threadpool\debug\threadpool.tlog\lib-link.read.1.tlog
g:\project\threadpool\threadpool\debug\threadpool.tlog\lib-link.write.1.tlog
g:\project\threadpool\threadpool\debug\threadpool.tlog\lib.command.1.tlog
g:\project\threadpool\threadpool\debug\threadpool.tlog\link.12432-cvtres.read.1.tlog
g:\project\threadpool\threadpool\debug\threadpool.tlog\link.12432-cvtres.write.1.tlog
g:\project\threadpool\threadpool\debug\threadpool.tlog\link.12432-rc.read.1.tlog
g:\project\threadpool\threadpool\debug\threadpool.tlog\link.12432-rc.write.1.tlog
g:\project\threadpool\threadpool\debug\threadpool.tlog\link.12432.read.1.tlog
g:\project\threadpool\threadpool\debug\threadpool.tlog\link.12432.write.1.tlog
g:\project\threadpool\threadpool\debug\threadpool.tlog\link.command.1.tlog
g:\project\threadpool\threadpool\debug\threadpool.tlog\link.read.1.tlog
g:\project\threadpool\threadpool\debug\threadpool.tlog\link.write.1.tlog
